<?xml version="1.0" encoding="UTF-8"?>
<testsuite xmlns:xsi="http://www.w3.org/2001/XMLSchema-instance" xsi:noNamespaceSchemaLocation="https://maven.apache.org/surefire/maven-surefire-plugin/xsd/surefire-test-report.xsd" name="cn.spark.study.AppTest" time="0.036" tests="1" errors="0" skipped="0" failures="0">
  <properties>
    <property name="user.variant" value=""/>
    <property name="java.vm.info" value="mixed mode"/>
    <property name="file.encoding.pkg" value="sun.io"/>
    <property name="file.encoding" value="GBK"/>
    <property name="java.specification.name" value="Java Platform API Specification"/>
    <property name="sun.os.patch.level" value=""/>
    <property name="user.dir" value="E:\eclipseApp\spark-study-java"/>
    <property name="line.separator" value="&#10;"/>
    <property name="java.home" value="E:\IDEA\Java jdk7\jre"/>
    <property name="user.name" value="1515182041"/>
    <property name="sun.boot.library.path" value="E:\IDEA\Java jdk7\jre\bin"/>
    <property name="user.home" value="C:\Users\1515182041"/>
    <property name="localRepository" value="E:\maven\repo"/>
    <property name="sun.java.launcher" value="SUN_STANDARD"/>
    <property name="java.class.version" value="51.0"/>
    <property name="user.language" value="zh"/>
    <property name="java.vendor.url.bug" value="http://bugreport.sun.com/bugreport/"/>
    <property name="sun.jnu.encoding" value="GBK"/>
    <property name="java.io.tmpdir" value="C:\Users\151518~1\AppData\Local\Temp\"/>
    <property name="java.specification.vendor" value="Oracle Corporation"/>
    <property name="file.separator" value="\"/>
    <property name="java.class.path" value="E:\eclipseApp\spark-study-java\target\test-classes;E:\eclipseApp\spark-study-java\target\classes;E:\maven\repo\junit\junit\4.11\junit-4.11.jar;E:\maven\repo\org\hamcrest\hamcrest-core\1.3\hamcrest-core-1.3.jar;E:\maven\repo\org\apache\spark\spark-core_2.10\1.3.0\spark-core_2.10-1.3.0.jar;E:\maven\repo\com\twitter\chill_2.10\0.5.0\chill_2.10-0.5.0.jar;E:\maven\repo\com\esotericsoftware\kryo\kryo\2.21\kryo-2.21.jar;E:\maven\repo\com\esotericsoftware\reflectasm\reflectasm\1.07\reflectasm-1.07-shaded.jar;E:\maven\repo\com\esotericsoftware\minlog\minlog\1.2\minlog-1.2.jar;E:\maven\repo\org\objenesis\objenesis\1.2\objenesis-1.2.jar;E:\maven\repo\com\twitter\chill-java\0.5.0\chill-java-0.5.0.jar;E:\maven\repo\org\apache\spark\spark-network-common_2.10\1.3.0\spark-network-common_2.10-1.3.0.jar;E:\maven\repo\org\apache\spark\spark-network-shuffle_2.10\1.3.0\spark-network-shuffle_2.10-1.3.0.jar;E:\maven\repo\net\java\dev\jets3t\jets3t\0.7.1\jets3t-0.7.1.jar;E:\maven\repo\org\apache\curator\curator-recipes\2.4.0\curator-recipes-2.4.0.jar;E:\maven\repo\org\apache\curator\curator-framework\2.4.0\curator-framework-2.4.0.jar;E:\maven\repo\org\apache\curator\curator-client\2.4.0\curator-client-2.4.0.jar;E:\maven\repo\org\apache\zookeeper\zookeeper\3.4.5\zookeeper-3.4.5.jar;E:\maven\repo\com\google\guava\guava\14.0.1\guava-14.0.1.jar;E:\maven\repo\org\eclipse\jetty\orbit\javax.servlet\3.0.0.v201112011016\javax.servlet-3.0.0.v201112011016.jar;E:\maven\repo\org\apache\commons\commons-lang3\3.3.2\commons-lang3-3.3.2.jar;E:\maven\repo\org\apache\commons\commons-math3\3.1.1\commons-math3-3.1.1.jar;E:\maven\repo\com\google\code\findbugs\jsr305\1.3.9\jsr305-1.3.9.jar;E:\maven\repo\org\slf4j\slf4j-api\1.7.10\slf4j-api-1.7.10.jar;E:\maven\repo\org\slf4j\jul-to-slf4j\1.7.10\jul-to-slf4j-1.7.10.jar;E:\maven\repo\org\slf4j\jcl-over-slf4j\1.7.10\jcl-over-slf4j-1.7.10.jar;E:\maven\repo\log4j\log4j\1.2.17\log4j-1.2.17.jar;E:\maven\repo\org\slf4j\slf4j-log4j12\1.7.10\slf4j-log4j12-1.7.10.jar;E:\maven\repo\com\ning\compress-lzf\1.0.0\compress-lzf-1.0.0.jar;E:\maven\repo\org\xerial\snappy\snappy-java\1.1.1.6\snappy-java-1.1.1.6.jar;E:\maven\repo\net\jpountz\lz4\lz4\1.2.0\lz4-1.2.0.jar;E:\maven\repo\org\roaringbitmap\RoaringBitmap\0.4.5\RoaringBitmap-0.4.5.jar;E:\maven\repo\commons-net\commons-net\2.2\commons-net-2.2.jar;E:\maven\repo\org\spark-project\akka\akka-remote_2.10\2.3.4-spark\akka-remote_2.10-2.3.4-spark.jar;E:\maven\repo\org\spark-project\akka\akka-actor_2.10\2.3.4-spark\akka-actor_2.10-2.3.4-spark.jar;E:\maven\repo\com\typesafe\config\1.2.1\config-1.2.1.jar;E:\maven\repo\io\netty\netty\3.8.0.Final\netty-3.8.0.Final.jar;E:\maven\repo\org\spark-project\protobuf\protobuf-java\2.5.0-spark\protobuf-java-2.5.0-spark.jar;E:\maven\repo\org\uncommons\maths\uncommons-maths\1.2.2a\uncommons-maths-1.2.2a.jar;E:\maven\repo\org\spark-project\akka\akka-slf4j_2.10\2.3.4-spark\akka-slf4j_2.10-2.3.4-spark.jar;E:\maven\repo\org\scala-lang\scala-library\2.10.4\scala-library-2.10.4.jar;E:\maven\repo\org\json4s\json4s-jackson_2.10\3.2.10\json4s-jackson_2.10-3.2.10.jar;E:\maven\repo\org\json4s\json4s-core_2.10\3.2.10\json4s-core_2.10-3.2.10.jar;E:\maven\repo\org\json4s\json4s-ast_2.10\3.2.10\json4s-ast_2.10-3.2.10.jar;E:\maven\repo\org\scala-lang\scalap\2.10.0\scalap-2.10.0.jar;E:\maven\repo\org\scala-lang\scala-compiler\2.10.0\scala-compiler-2.10.0.jar;E:\maven\repo\org\apache\mesos\mesos\0.21.0\mesos-0.21.0-shaded-protobuf.jar;E:\maven\repo\io\netty\netty-all\4.0.23.Final\netty-all-4.0.23.Final.jar;E:\maven\repo\com\clearspring\analytics\stream\2.7.0\stream-2.7.0.jar;E:\maven\repo\io\dropwizard\metrics\metrics-core\3.1.0\metrics-core-3.1.0.jar;E:\maven\repo\io\dropwizard\metrics\metrics-jvm\3.1.0\metrics-jvm-3.1.0.jar;E:\maven\repo\io\dropwizard\metrics\metrics-json\3.1.0\metrics-json-3.1.0.jar;E:\maven\repo\io\dropwizard\metrics\metrics-graphite\3.1.0\metrics-graphite-3.1.0.jar;E:\maven\repo\com\fasterxml\jackson\core\jackson-databind\2.4.4\jackson-databind-2.4.4.jar;E:\maven\repo\com\fasterxml\jackson\core\jackson-annotations\2.4.0\jackson-annotations-2.4.0.jar;E:\maven\repo\com\fasterxml\jackson\core\jackson-core\2.4.4\jackson-core-2.4.4.jar;E:\maven\repo\com\fasterxml\jackson\module\jackson-module-scala_2.10\2.4.4\jackson-module-scala_2.10-2.4.4.jar;E:\maven\repo\org\scala-lang\scala-reflect\2.10.4\scala-reflect-2.10.4.jar;E:\maven\repo\com\thoughtworks\paranamer\paranamer\2.6\paranamer-2.6.jar;E:\maven\repo\org\apache\ivy\ivy\2.4.0\ivy-2.4.0.jar;E:\maven\repo\oro\oro\2.0.8\oro-2.0.8.jar;E:\maven\repo\org\tachyonproject\tachyon-client\0.5.0\tachyon-client-0.5.0.jar;E:\maven\repo\org\tachyonproject\tachyon\0.5.0\tachyon-0.5.0.jar;E:\maven\repo\org\spark-project\pyrolite\2.0.1\pyrolite-2.0.1.jar;E:\maven\repo\net\sf\py4j\py4j\0.8.2.1\py4j-0.8.2.1.jar;E:\maven\repo\org\spark-project\spark\unused\1.0.0\unused-1.0.0.jar;E:\maven\repo\org\apache\spark\spark-sql_2.10\1.5.1\spark-sql_2.10-1.5.1.jar;E:\maven\repo\org\apache\spark\spark-catalyst_2.10\1.5.1\spark-catalyst_2.10-1.5.1.jar;E:\maven\repo\org\apache\spark\spark-unsafe_2.10\1.5.1\spark-unsafe_2.10-1.5.1.jar;E:\maven\repo\org\codehaus\janino\janino\2.7.8\janino-2.7.8.jar;E:\maven\repo\org\apache\parquet\parquet-column\1.7.0\parquet-column-1.7.0.jar;E:\maven\repo\org\apache\parquet\parquet-common\1.7.0\parquet-common-1.7.0.jar;E:\maven\repo\org\apache\parquet\parquet-encoding\1.7.0\parquet-encoding-1.7.0.jar;E:\maven\repo\org\apache\parquet\parquet-generator\1.7.0\parquet-generator-1.7.0.jar;E:\maven\repo\org\apache\parquet\parquet-hadoop\1.7.0\parquet-hadoop-1.7.0.jar;E:\maven\repo\org\apache\parquet\parquet-format\2.3.0-incubating\parquet-format-2.3.0-incubating.jar;E:\maven\repo\org\apache\parquet\parquet-jackson\1.7.0\parquet-jackson-1.7.0.jar;E:\maven\repo\org\codehaus\jackson\jackson-core-asl\1.9.11\jackson-core-asl-1.9.11.jar;E:\maven\repo\org\apache\spark\spark-hive_2.10\1.5.1\spark-hive_2.10-1.5.1.jar;E:\maven\repo\com\twitter\parquet-hadoop-bundle\1.6.0\parquet-hadoop-bundle-1.6.0.jar;E:\maven\repo\org\spark-project\hive\hive-exec\1.2.1.spark\hive-exec-1.2.1.spark.jar;E:\maven\repo\commons-io\commons-io\2.4\commons-io-2.4.jar;E:\maven\repo\commons-lang\commons-lang\2.6\commons-lang-2.6.jar;E:\maven\repo\javolution\javolution\5.5.1\javolution-5.5.1.jar;E:\maven\repo\log4j\apache-log4j-extras\1.2.17\apache-log4j-extras-1.2.17.jar;E:\maven\repo\org\antlr\antlr-runtime\3.4\antlr-runtime-3.4.jar;E:\maven\repo\org\antlr\stringtemplate\3.2.1\stringtemplate-3.2.1.jar;E:\maven\repo\antlr\antlr\2.7.7\antlr-2.7.7.jar;E:\maven\repo\org\antlr\ST4\4.0.4\ST4-4.0.4.jar;E:\maven\repo\org\apache\commons\commons-compress\1.4.1\commons-compress-1.4.1.jar;E:\maven\repo\org\tukaani\xz\1.0\xz-1.0.jar;E:\maven\repo\org\codehaus\groovy\groovy-all\2.1.6\groovy-all-2.1.6.jar;E:\maven\repo\com\googlecode\javaewah\JavaEWAH\0.3.2\JavaEWAH-0.3.2.jar;E:\maven\repo\org\iq80\snappy\snappy\0.2\snappy-0.2.jar;E:\maven\repo\org\json\json\20090211\json-20090211.jar;E:\maven\repo\stax\stax-api\1.0.1\stax-api-1.0.1.jar;E:\maven\repo\net\sf\opencsv\opencsv\2.3\opencsv-2.3.jar;E:\maven\repo\jline\jline\2.12\jline-2.12.jar;E:\maven\repo\org\spark-project\hive\hive-metastore\1.2.1.spark\hive-metastore-1.2.1.spark.jar;E:\maven\repo\com\jolbox\bonecp\0.8.0.RELEASE\bonecp-0.8.0.RELEASE.jar;E:\maven\repo\commons-cli\commons-cli\1.2\commons-cli-1.2.jar;E:\maven\repo\commons-logging\commons-logging\1.1.3\commons-logging-1.1.3.jar;E:\maven\repo\org\apache\derby\derby\10.10.2.0\derby-10.10.2.0.jar;E:\maven\repo\org\datanucleus\datanucleus-api-jdo\3.2.6\datanucleus-api-jdo-3.2.6.jar;E:\maven\repo\org\datanucleus\datanucleus-rdbms\3.2.9\datanucleus-rdbms-3.2.9.jar;E:\maven\repo\commons-pool\commons-pool\1.5.4\commons-pool-1.5.4.jar;E:\maven\repo\commons-dbcp\commons-dbcp\1.4\commons-dbcp-1.4.jar;E:\maven\repo\javax\jdo\jdo-api\3.0.1\jdo-api-3.0.1.jar;E:\maven\repo\javax\transaction\jta\1.1\jta-1.1.jar;E:\maven\repo\org\apache\avro\avro\1.7.7\avro-1.7.7.jar;E:\maven\repo\org\apache\avro\avro-mapred\1.7.7\avro-mapred-1.7.7-hadoop2.jar;E:\maven\repo\org\apache\avro\avro-ipc\1.7.7\avro-ipc-1.7.7.jar;E:\maven\repo\org\apache\avro\avro-ipc\1.7.7\avro-ipc-1.7.7-tests.jar;E:\maven\repo\commons-httpclient\commons-httpclient\3.1\commons-httpclient-3.1.jar;E:\maven\repo\org\apache\calcite\calcite-avatica\1.2.0-incubating\calcite-avatica-1.2.0-incubating.jar;E:\maven\repo\org\apache\calcite\calcite-core\1.2.0-incubating\calcite-core-1.2.0-incubating.jar;E:\maven\repo\org\apache\calcite\calcite-linq4j\1.2.0-incubating\calcite-linq4j-1.2.0-incubating.jar;E:\maven\repo\net\hydromatic\eigenbase-properties\1.1.5\eigenbase-properties-1.1.5.jar;E:\maven\repo\org\codehaus\janino\commons-compiler\2.7.6\commons-compiler-2.7.6.jar;E:\maven\repo\org\apache\httpcomponents\httpclient\4.3.2\httpclient-4.3.2.jar;E:\maven\repo\org\apache\httpcomponents\httpcore\4.3.1\httpcore-4.3.1.jar;E:\maven\repo\org\codehaus\jackson\jackson-mapper-asl\1.9.13\jackson-mapper-asl-1.9.13.jar;E:\maven\repo\commons-codec\commons-codec\1.10\commons-codec-1.10.jar;E:\maven\repo\joda-time\joda-time\2.5\joda-time-2.5.jar;E:\maven\repo\org\jodd\jodd-core\3.5.2\jodd-core-3.5.2.jar;E:\maven\repo\org\datanucleus\datanucleus-core\3.2.10\datanucleus-core-3.2.10.jar;E:\maven\repo\org\apache\thrift\libthrift\0.9.2\libthrift-0.9.2.jar;E:\maven\repo\org\apache\thrift\libfb303\0.9.2\libfb303-0.9.2.jar;E:\maven\repo\org\apache\spark\spark-streaming_2.10\1.5.1\spark-streaming_2.10-1.5.1.jar;E:\maven\repo\org\apache\hadoop\hadoop-client\2.4.1\hadoop-client-2.4.1.jar;E:\maven\repo\org\apache\hadoop\hadoop-common\2.4.1\hadoop-common-2.4.1.jar;E:\maven\repo\xmlenc\xmlenc\0.52\xmlenc-0.52.jar;E:\maven\repo\commons-collections\commons-collections\3.2.1\commons-collections-3.2.1.jar;E:\maven\repo\commons-configuration\commons-configuration\1.6\commons-configuration-1.6.jar;E:\maven\repo\commons-digester\commons-digester\1.8\commons-digester-1.8.jar;E:\maven\repo\commons-beanutils\commons-beanutils\1.7.0\commons-beanutils-1.7.0.jar;E:\maven\repo\commons-beanutils\commons-beanutils-core\1.8.0\commons-beanutils-core-1.8.0.jar;E:\maven\repo\com\google\protobuf\protobuf-java\2.5.0\protobuf-java-2.5.0.jar;E:\maven\repo\org\apache\hadoop\hadoop-auth\2.4.1\hadoop-auth-2.4.1.jar;E:\maven\repo\org\apache\hadoop\hadoop-hdfs\2.4.1\hadoop-hdfs-2.4.1.jar;E:\maven\repo\org\mortbay\jetty\jetty-util\6.1.26\jetty-util-6.1.26.jar;E:\maven\repo\org\apache\hadoop\hadoop-mapreduce-client-app\2.4.1\hadoop-mapreduce-client-app-2.4.1.jar;E:\maven\repo\org\apache\hadoop\hadoop-mapreduce-client-common\2.4.1\hadoop-mapreduce-client-common-2.4.1.jar;E:\maven\repo\org\apache\hadoop\hadoop-yarn-client\2.4.1\hadoop-yarn-client-2.4.1.jar;E:\maven\repo\com\sun\jersey\jersey-client\1.9\jersey-client-1.9.jar;E:\maven\repo\org\apache\hadoop\hadoop-yarn-server-common\2.4.1\hadoop-yarn-server-common-2.4.1.jar;E:\maven\repo\org\apache\hadoop\hadoop-mapreduce-client-shuffle\2.4.1\hadoop-mapreduce-client-shuffle-2.4.1.jar;E:\maven\repo\org\apache\hadoop\hadoop-yarn-api\2.4.1\hadoop-yarn-api-2.4.1.jar;E:\maven\repo\org\apache\hadoop\hadoop-mapreduce-client-core\2.4.1\hadoop-mapreduce-client-core-2.4.1.jar;E:\maven\repo\org\apache\hadoop\hadoop-yarn-common\2.4.1\hadoop-yarn-common-2.4.1.jar;E:\maven\repo\javax\xml\bind\jaxb-api\2.2.2\jaxb-api-2.2.2.jar;E:\maven\repo\javax\xml\stream\stax-api\1.0-2\stax-api-1.0-2.jar;E:\maven\repo\javax\activation\activation\1.1\activation-1.1.jar;E:\maven\repo\javax\servlet\servlet-api\2.5\servlet-api-2.5.jar;E:\maven\repo\com\sun\jersey\jersey-core\1.9\jersey-core-1.9.jar;E:\maven\repo\org\apache\hadoop\hadoop-mapreduce-client-jobclient\2.4.1\hadoop-mapreduce-client-jobclient-2.4.1.jar;E:\maven\repo\org\apache\hadoop\hadoop-annotations\2.4.1\hadoop-annotations-2.4.1.jar;E:\maven\repo\org\apache\spark\spark-streaming-kafka_2.10\1.5.1\spark-streaming-kafka_2.10-1.5.1.jar;E:\maven\repo\org\apache\kafka\kafka_2.10\0.8.2.1\kafka_2.10-0.8.2.1.jar;E:\maven\repo\com\yammer\metrics\metrics-core\2.2.0\metrics-core-2.2.0.jar;E:\maven\repo\org\apache\kafka\kafka-clients\0.8.2.1\kafka-clients-0.8.2.1.jar;E:\maven\repo\com\101tec\zkclient\0.3\zkclient-0.3.jar;E:\maven\repo\mysql\mysql-connector-java\5.1.6\mysql-connector-java-5.1.6.jar;E:\maven\repo\org\apache\maven\plugins\maven-compiler-plugin\3.1\maven-compiler-plugin-3.1.jar;E:\maven\repo\org\apache\maven\maven-plugin-api\2.0.9\maven-plugin-api-2.0.9.jar;E:\maven\repo\org\apache\maven\maven-artifact\2.0.9\maven-artifact-2.0.9.jar;E:\maven\repo\org\codehaus\plexus\plexus-utils\1.5.1\plexus-utils-1.5.1.jar;E:\maven\repo\org\apache\maven\maven-core\2.0.9\maven-core-2.0.9.jar;E:\maven\repo\org\apache\maven\maven-settings\2.0.9\maven-settings-2.0.9.jar;E:\maven\repo\org\apache\maven\maven-plugin-parameter-documenter\2.0.9\maven-plugin-parameter-documenter-2.0.9.jar;E:\maven\repo\org\apache\maven\wagon\wagon-webdav\1.0-beta-2\wagon-webdav-1.0-beta-2.jar;E:\maven\repo\slide\slide-webdavlib\2.1\slide-webdavlib-2.1.jar;E:\maven\repo\jdom\jdom\1.0\jdom-1.0.jar;E:\maven\repo\de\zeigermann\xml\xml-im-exporter\1.1\xml-im-exporter-1.1.jar;E:\maven\repo\org\apache\maven\maven-profile\2.0.9\maven-profile-2.0.9.jar;E:\maven\repo\org\apache\maven\maven-model\2.0.9\maven-model-2.0.9.jar;E:\maven\repo\org\apache\maven\wagon\wagon-provider-api\1.0-beta-2\wagon-provider-api-1.0-beta-2.jar;E:\maven\repo\org\apache\maven\maven-repository-metadata\2.0.9\maven-repository-metadata-2.0.9.jar;E:\maven\repo\org\apache\maven\maven-error-diagnostics\2.0.9\maven-error-diagnostics-2.0.9.jar;E:\maven\repo\org\apache\maven\maven-project\2.0.9\maven-project-2.0.9.jar;E:\maven\repo\org\apache\maven\maven-plugin-registry\2.0.9\maven-plugin-registry-2.0.9.jar;E:\maven\repo\org\apache\maven\maven-plugin-descriptor\2.0.9\maven-plugin-descriptor-2.0.9.jar;E:\maven\repo\org\apache\maven\maven-artifact-manager\2.0.9\maven-artifact-manager-2.0.9.jar;E:\maven\repo\org\apache\maven\maven-monitor\2.0.9\maven-monitor-2.0.9.jar;E:\maven\repo\org\apache\maven\maven-toolchain\1.0\maven-toolchain-1.0.jar;E:\maven\repo\org\apache\maven\shared\maven-shared-utils\0.1\maven-shared-utils-0.1.jar;E:\maven\repo\org\apache\maven\shared\maven-shared-incremental\1.1\maven-shared-incremental-1.1.jar;E:\maven\repo\org\codehaus\plexus\plexus-component-annotations\1.5.5\plexus-component-annotations-1.5.5.jar;E:\maven\repo\org\codehaus\plexus\plexus-compiler-api\2.2\plexus-compiler-api-2.2.jar;E:\maven\repo\org\codehaus\plexus\plexus-compiler-manager\2.2\plexus-compiler-manager-2.2.jar;E:\maven\repo\org\codehaus\plexus\plexus-compiler-javac\2.2\plexus-compiler-javac-2.2.jar;E:\maven\repo\org\codehaus\plexus\plexus-container-default\1.5.5\plexus-container-default-1.5.5.jar;E:\maven\repo\org\codehaus\plexus\plexus-classworlds\2.2.2\plexus-classworlds-2.2.2.jar;E:\maven\repo\org\apache\xbean\xbean-reflect\3.4\xbean-reflect-3.4.jar;E:\maven\repo\commons-logging\commons-logging-api\1.1\commons-logging-api-1.1.jar;E:\maven\repo\com\google\collections\google-collections\1.0\google-collections-1.0.jar;"/>
    <property name="java.vm.vendor" value="Oracle Corporation"/>
    <property name="sun.cpu.endian" value="little"/>
    <property name="java.vm.specification.vendor" value="Oracle Corporation"/>
    <property name="java.specification.version" value="1.7"/>
    <property name="user.script" value=""/>
    <property name="awt.toolkit" value="sun.awt.windows.WToolkit"/>
    <property name="sun.java.command" value="C:\Users\151518~1\AppData\Local\Temp\surefire1207255704849338308\surefirebooter8470596292330685725.jar C:\Users\1515182041\AppData\Local\Temp\surefire1207255704849338308 2018-11-25T17-43-43_482-jvmRun1 surefire2954688983897094909tmp surefire_0613153012869895365tmp"/>
    <property name="user.timezone" value=""/>
    <property name="surefire.test.class.path" value="E:\eclipseApp\spark-study-java\target\test-classes;E:\eclipseApp\spark-study-java\target\classes;E:\maven\repo\junit\junit\4.11\junit-4.11.jar;E:\maven\repo\org\hamcrest\hamcrest-core\1.3\hamcrest-core-1.3.jar;E:\maven\repo\org\apache\spark\spark-core_2.10\1.3.0\spark-core_2.10-1.3.0.jar;E:\maven\repo\com\twitter\chill_2.10\0.5.0\chill_2.10-0.5.0.jar;E:\maven\repo\com\esotericsoftware\kryo\kryo\2.21\kryo-2.21.jar;E:\maven\repo\com\esotericsoftware\reflectasm\reflectasm\1.07\reflectasm-1.07-shaded.jar;E:\maven\repo\com\esotericsoftware\minlog\minlog\1.2\minlog-1.2.jar;E:\maven\repo\org\objenesis\objenesis\1.2\objenesis-1.2.jar;E:\maven\repo\com\twitter\chill-java\0.5.0\chill-java-0.5.0.jar;E:\maven\repo\org\apache\spark\spark-network-common_2.10\1.3.0\spark-network-common_2.10-1.3.0.jar;E:\maven\repo\org\apache\spark\spark-network-shuffle_2.10\1.3.0\spark-network-shuffle_2.10-1.3.0.jar;E:\maven\repo\net\java\dev\jets3t\jets3t\0.7.1\jets3t-0.7.1.jar;E:\maven\repo\org\apache\curator\curator-recipes\2.4.0\curator-recipes-2.4.0.jar;E:\maven\repo\org\apache\curator\curator-framework\2.4.0\curator-framework-2.4.0.jar;E:\maven\repo\org\apache\curator\curator-client\2.4.0\curator-client-2.4.0.jar;E:\maven\repo\org\apache\zookeeper\zookeeper\3.4.5\zookeeper-3.4.5.jar;E:\maven\repo\com\google\guava\guava\14.0.1\guava-14.0.1.jar;E:\maven\repo\org\eclipse\jetty\orbit\javax.servlet\3.0.0.v201112011016\javax.servlet-3.0.0.v201112011016.jar;E:\maven\repo\org\apache\commons\commons-lang3\3.3.2\commons-lang3-3.3.2.jar;E:\maven\repo\org\apache\commons\commons-math3\3.1.1\commons-math3-3.1.1.jar;E:\maven\repo\com\google\code\findbugs\jsr305\1.3.9\jsr305-1.3.9.jar;E:\maven\repo\org\slf4j\slf4j-api\1.7.10\slf4j-api-1.7.10.jar;E:\maven\repo\org\slf4j\jul-to-slf4j\1.7.10\jul-to-slf4j-1.7.10.jar;E:\maven\repo\org\slf4j\jcl-over-slf4j\1.7.10\jcl-over-slf4j-1.7.10.jar;E:\maven\repo\log4j\log4j\1.2.17\log4j-1.2.17.jar;E:\maven\repo\org\slf4j\slf4j-log4j12\1.7.10\slf4j-log4j12-1.7.10.jar;E:\maven\repo\com\ning\compress-lzf\1.0.0\compress-lzf-1.0.0.jar;E:\maven\repo\org\xerial\snappy\snappy-java\1.1.1.6\snappy-java-1.1.1.6.jar;E:\maven\repo\net\jpountz\lz4\lz4\1.2.0\lz4-1.2.0.jar;E:\maven\repo\org\roaringbitmap\RoaringBitmap\0.4.5\RoaringBitmap-0.4.5.jar;E:\maven\repo\commons-net\commons-net\2.2\commons-net-2.2.jar;E:\maven\repo\org\spark-project\akka\akka-remote_2.10\2.3.4-spark\akka-remote_2.10-2.3.4-spark.jar;E:\maven\repo\org\spark-project\akka\akka-actor_2.10\2.3.4-spark\akka-actor_2.10-2.3.4-spark.jar;E:\maven\repo\com\typesafe\config\1.2.1\config-1.2.1.jar;E:\maven\repo\io\netty\netty\3.8.0.Final\netty-3.8.0.Final.jar;E:\maven\repo\org\spark-project\protobuf\protobuf-java\2.5.0-spark\protobuf-java-2.5.0-spark.jar;E:\maven\repo\org\uncommons\maths\uncommons-maths\1.2.2a\uncommons-maths-1.2.2a.jar;E:\maven\repo\org\spark-project\akka\akka-slf4j_2.10\2.3.4-spark\akka-slf4j_2.10-2.3.4-spark.jar;E:\maven\repo\org\scala-lang\scala-library\2.10.4\scala-library-2.10.4.jar;E:\maven\repo\org\json4s\json4s-jackson_2.10\3.2.10\json4s-jackson_2.10-3.2.10.jar;E:\maven\repo\org\json4s\json4s-core_2.10\3.2.10\json4s-core_2.10-3.2.10.jar;E:\maven\repo\org\json4s\json4s-ast_2.10\3.2.10\json4s-ast_2.10-3.2.10.jar;E:\maven\repo\org\scala-lang\scalap\2.10.0\scalap-2.10.0.jar;E:\maven\repo\org\scala-lang\scala-compiler\2.10.0\scala-compiler-2.10.0.jar;E:\maven\repo\org\apache\mesos\mesos\0.21.0\mesos-0.21.0-shaded-protobuf.jar;E:\maven\repo\io\netty\netty-all\4.0.23.Final\netty-all-4.0.23.Final.jar;E:\maven\repo\com\clearspring\analytics\stream\2.7.0\stream-2.7.0.jar;E:\maven\repo\io\dropwizard\metrics\metrics-core\3.1.0\metrics-core-3.1.0.jar;E:\maven\repo\io\dropwizard\metrics\metrics-jvm\3.1.0\metrics-jvm-3.1.0.jar;E:\maven\repo\io\dropwizard\metrics\metrics-json\3.1.0\metrics-json-3.1.0.jar;E:\maven\repo\io\dropwizard\metrics\metrics-graphite\3.1.0\metrics-graphite-3.1.0.jar;E:\maven\repo\com\fasterxml\jackson\core\jackson-databind\2.4.4\jackson-databind-2.4.4.jar;E:\maven\repo\com\fasterxml\jackson\core\jackson-annotations\2.4.0\jackson-annotations-2.4.0.jar;E:\maven\repo\com\fasterxml\jackson\core\jackson-core\2.4.4\jackson-core-2.4.4.jar;E:\maven\repo\com\fasterxml\jackson\module\jackson-module-scala_2.10\2.4.4\jackson-module-scala_2.10-2.4.4.jar;E:\maven\repo\org\scala-lang\scala-reflect\2.10.4\scala-reflect-2.10.4.jar;E:\maven\repo\com\thoughtworks\paranamer\paranamer\2.6\paranamer-2.6.jar;E:\maven\repo\org\apache\ivy\ivy\2.4.0\ivy-2.4.0.jar;E:\maven\repo\oro\oro\2.0.8\oro-2.0.8.jar;E:\maven\repo\org\tachyonproject\tachyon-client\0.5.0\tachyon-client-0.5.0.jar;E:\maven\repo\org\tachyonproject\tachyon\0.5.0\tachyon-0.5.0.jar;E:\maven\repo\org\spark-project\pyrolite\2.0.1\pyrolite-2.0.1.jar;E:\maven\repo\net\sf\py4j\py4j\0.8.2.1\py4j-0.8.2.1.jar;E:\maven\repo\org\spark-project\spark\unused\1.0.0\unused-1.0.0.jar;E:\maven\repo\org\apache\spark\spark-sql_2.10\1.5.1\spark-sql_2.10-1.5.1.jar;E:\maven\repo\org\apache\spark\spark-catalyst_2.10\1.5.1\spark-catalyst_2.10-1.5.1.jar;E:\maven\repo\org\apache\spark\spark-unsafe_2.10\1.5.1\spark-unsafe_2.10-1.5.1.jar;E:\maven\repo\org\codehaus\janino\janino\2.7.8\janino-2.7.8.jar;E:\maven\repo\org\apache\parquet\parquet-column\1.7.0\parquet-column-1.7.0.jar;E:\maven\repo\org\apache\parquet\parquet-common\1.7.0\parquet-common-1.7.0.jar;E:\maven\repo\org\apache\parquet\parquet-encoding\1.7.0\parquet-encoding-1.7.0.jar;E:\maven\repo\org\apache\parquet\parquet-generator\1.7.0\parquet-generator-1.7.0.jar;E:\maven\repo\org\apache\parquet\parquet-hadoop\1.7.0\parquet-hadoop-1.7.0.jar;E:\maven\repo\org\apache\parquet\parquet-format\2.3.0-incubating\parquet-format-2.3.0-incubating.jar;E:\maven\repo\org\apache\parquet\parquet-jackson\1.7.0\parquet-jackson-1.7.0.jar;E:\maven\repo\org\codehaus\jackson\jackson-core-asl\1.9.11\jackson-core-asl-1.9.11.jar;E:\maven\repo\org\apache\spark\spark-hive_2.10\1.5.1\spark-hive_2.10-1.5.1.jar;E:\maven\repo\com\twitter\parquet-hadoop-bundle\1.6.0\parquet-hadoop-bundle-1.6.0.jar;E:\maven\repo\org\spark-project\hive\hive-exec\1.2.1.spark\hive-exec-1.2.1.spark.jar;E:\maven\repo\commons-io\commons-io\2.4\commons-io-2.4.jar;E:\maven\repo\commons-lang\commons-lang\2.6\commons-lang-2.6.jar;E:\maven\repo\javolution\javolution\5.5.1\javolution-5.5.1.jar;E:\maven\repo\log4j\apache-log4j-extras\1.2.17\apache-log4j-extras-1.2.17.jar;E:\maven\repo\org\antlr\antlr-runtime\3.4\antlr-runtime-3.4.jar;E:\maven\repo\org\antlr\stringtemplate\3.2.1\stringtemplate-3.2.1.jar;E:\maven\repo\antlr\antlr\2.7.7\antlr-2.7.7.jar;E:\maven\repo\org\antlr\ST4\4.0.4\ST4-4.0.4.jar;E:\maven\repo\org\apache\commons\commons-compress\1.4.1\commons-compress-1.4.1.jar;E:\maven\repo\org\tukaani\xz\1.0\xz-1.0.jar;E:\maven\repo\org\codehaus\groovy\groovy-all\2.1.6\groovy-all-2.1.6.jar;E:\maven\repo\com\googlecode\javaewah\JavaEWAH\0.3.2\JavaEWAH-0.3.2.jar;E:\maven\repo\org\iq80\snappy\snappy\0.2\snappy-0.2.jar;E:\maven\repo\org\json\json\20090211\json-20090211.jar;E:\maven\repo\stax\stax-api\1.0.1\stax-api-1.0.1.jar;E:\maven\repo\net\sf\opencsv\opencsv\2.3\opencsv-2.3.jar;E:\maven\repo\jline\jline\2.12\jline-2.12.jar;E:\maven\repo\org\spark-project\hive\hive-metastore\1.2.1.spark\hive-metastore-1.2.1.spark.jar;E:\maven\repo\com\jolbox\bonecp\0.8.0.RELEASE\bonecp-0.8.0.RELEASE.jar;E:\maven\repo\commons-cli\commons-cli\1.2\commons-cli-1.2.jar;E:\maven\repo\commons-logging\commons-logging\1.1.3\commons-logging-1.1.3.jar;E:\maven\repo\org\apache\derby\derby\10.10.2.0\derby-10.10.2.0.jar;E:\maven\repo\org\datanucleus\datanucleus-api-jdo\3.2.6\datanucleus-api-jdo-3.2.6.jar;E:\maven\repo\org\datanucleus\datanucleus-rdbms\3.2.9\datanucleus-rdbms-3.2.9.jar;E:\maven\repo\commons-pool\commons-pool\1.5.4\commons-pool-1.5.4.jar;E:\maven\repo\commons-dbcp\commons-dbcp\1.4\commons-dbcp-1.4.jar;E:\maven\repo\javax\jdo\jdo-api\3.0.1\jdo-api-3.0.1.jar;E:\maven\repo\javax\transaction\jta\1.1\jta-1.1.jar;E:\maven\repo\org\apache\avro\avro\1.7.7\avro-1.7.7.jar;E:\maven\repo\org\apache\avro\avro-mapred\1.7.7\avro-mapred-1.7.7-hadoop2.jar;E:\maven\repo\org\apache\avro\avro-ipc\1.7.7\avro-ipc-1.7.7.jar;E:\maven\repo\org\apache\avro\avro-ipc\1.7.7\avro-ipc-1.7.7-tests.jar;E:\maven\repo\commons-httpclient\commons-httpclient\3.1\commons-httpclient-3.1.jar;E:\maven\repo\org\apache\calcite\calcite-avatica\1.2.0-incubating\calcite-avatica-1.2.0-incubating.jar;E:\maven\repo\org\apache\calcite\calcite-core\1.2.0-incubating\calcite-core-1.2.0-incubating.jar;E:\maven\repo\org\apache\calcite\calcite-linq4j\1.2.0-incubating\calcite-linq4j-1.2.0-incubating.jar;E:\maven\repo\net\hydromatic\eigenbase-properties\1.1.5\eigenbase-properties-1.1.5.jar;E:\maven\repo\org\codehaus\janino\commons-compiler\2.7.6\commons-compiler-2.7.6.jar;E:\maven\repo\org\apache\httpcomponents\httpclient\4.3.2\httpclient-4.3.2.jar;E:\maven\repo\org\apache\httpcomponents\httpcore\4.3.1\httpcore-4.3.1.jar;E:\maven\repo\org\codehaus\jackson\jackson-mapper-asl\1.9.13\jackson-mapper-asl-1.9.13.jar;E:\maven\repo\commons-codec\commons-codec\1.10\commons-codec-1.10.jar;E:\maven\repo\joda-time\joda-time\2.5\joda-time-2.5.jar;E:\maven\repo\org\jodd\jodd-core\3.5.2\jodd-core-3.5.2.jar;E:\maven\repo\org\datanucleus\datanucleus-core\3.2.10\datanucleus-core-3.2.10.jar;E:\maven\repo\org\apache\thrift\libthrift\0.9.2\libthrift-0.9.2.jar;E:\maven\repo\org\apache\thrift\libfb303\0.9.2\libfb303-0.9.2.jar;E:\maven\repo\org\apache\spark\spark-streaming_2.10\1.5.1\spark-streaming_2.10-1.5.1.jar;E:\maven\repo\org\apache\hadoop\hadoop-client\2.4.1\hadoop-client-2.4.1.jar;E:\maven\repo\org\apache\hadoop\hadoop-common\2.4.1\hadoop-common-2.4.1.jar;E:\maven\repo\xmlenc\xmlenc\0.52\xmlenc-0.52.jar;E:\maven\repo\commons-collections\commons-collections\3.2.1\commons-collections-3.2.1.jar;E:\maven\repo\commons-configuration\commons-configuration\1.6\commons-configuration-1.6.jar;E:\maven\repo\commons-digester\commons-digester\1.8\commons-digester-1.8.jar;E:\maven\repo\commons-beanutils\commons-beanutils\1.7.0\commons-beanutils-1.7.0.jar;E:\maven\repo\commons-beanutils\commons-beanutils-core\1.8.0\commons-beanutils-core-1.8.0.jar;E:\maven\repo\com\google\protobuf\protobuf-java\2.5.0\protobuf-java-2.5.0.jar;E:\maven\repo\org\apache\hadoop\hadoop-auth\2.4.1\hadoop-auth-2.4.1.jar;E:\maven\repo\org\apache\hadoop\hadoop-hdfs\2.4.1\hadoop-hdfs-2.4.1.jar;E:\maven\repo\org\mortbay\jetty\jetty-util\6.1.26\jetty-util-6.1.26.jar;E:\maven\repo\org\apache\hadoop\hadoop-mapreduce-client-app\2.4.1\hadoop-mapreduce-client-app-2.4.1.jar;E:\maven\repo\org\apache\hadoop\hadoop-mapreduce-client-common\2.4.1\hadoop-mapreduce-client-common-2.4.1.jar;E:\maven\repo\org\apache\hadoop\hadoop-yarn-client\2.4.1\hadoop-yarn-client-2.4.1.jar;E:\maven\repo\com\sun\jersey\jersey-client\1.9\jersey-client-1.9.jar;E:\maven\repo\org\apache\hadoop\hadoop-yarn-server-common\2.4.1\hadoop-yarn-server-common-2.4.1.jar;E:\maven\repo\org\apache\hadoop\hadoop-mapreduce-client-shuffle\2.4.1\hadoop-mapreduce-client-shuffle-2.4.1.jar;E:\maven\repo\org\apache\hadoop\hadoop-yarn-api\2.4.1\hadoop-yarn-api-2.4.1.jar;E:\maven\repo\org\apache\hadoop\hadoop-mapreduce-client-core\2.4.1\hadoop-mapreduce-client-core-2.4.1.jar;E:\maven\repo\org\apache\hadoop\hadoop-yarn-common\2.4.1\hadoop-yarn-common-2.4.1.jar;E:\maven\repo\javax\xml\bind\jaxb-api\2.2.2\jaxb-api-2.2.2.jar;E:\maven\repo\javax\xml\stream\stax-api\1.0-2\stax-api-1.0-2.jar;E:\maven\repo\javax\activation\activation\1.1\activation-1.1.jar;E:\maven\repo\javax\servlet\servlet-api\2.5\servlet-api-2.5.jar;E:\maven\repo\com\sun\jersey\jersey-core\1.9\jersey-core-1.9.jar;E:\maven\repo\org\apache\hadoop\hadoop-mapreduce-client-jobclient\2.4.1\hadoop-mapreduce-client-jobclient-2.4.1.jar;E:\maven\repo\org\apache\hadoop\hadoop-annotations\2.4.1\hadoop-annotations-2.4.1.jar;E:\maven\repo\org\apache\spark\spark-streaming-kafka_2.10\1.5.1\spark-streaming-kafka_2.10-1.5.1.jar;E:\maven\repo\org\apache\kafka\kafka_2.10\0.8.2.1\kafka_2.10-0.8.2.1.jar;E:\maven\repo\com\yammer\metrics\metrics-core\2.2.0\metrics-core-2.2.0.jar;E:\maven\repo\org\apache\kafka\kafka-clients\0.8.2.1\kafka-clients-0.8.2.1.jar;E:\maven\repo\com\101tec\zkclient\0.3\zkclient-0.3.jar;E:\maven\repo\mysql\mysql-connector-java\5.1.6\mysql-connector-java-5.1.6.jar;E:\maven\repo\org\apache\maven\plugins\maven-compiler-plugin\3.1\maven-compiler-plugin-3.1.jar;E:\maven\repo\org\apache\maven\maven-plugin-api\2.0.9\maven-plugin-api-2.0.9.jar;E:\maven\repo\org\apache\maven\maven-artifact\2.0.9\maven-artifact-2.0.9.jar;E:\maven\repo\org\codehaus\plexus\plexus-utils\1.5.1\plexus-utils-1.5.1.jar;E:\maven\repo\org\apache\maven\maven-core\2.0.9\maven-core-2.0.9.jar;E:\maven\repo\org\apache\maven\maven-settings\2.0.9\maven-settings-2.0.9.jar;E:\maven\repo\org\apache\maven\maven-plugin-parameter-documenter\2.0.9\maven-plugin-parameter-documenter-2.0.9.jar;E:\maven\repo\org\apache\maven\wagon\wagon-webdav\1.0-beta-2\wagon-webdav-1.0-beta-2.jar;E:\maven\repo\slide\slide-webdavlib\2.1\slide-webdavlib-2.1.jar;E:\maven\repo\jdom\jdom\1.0\jdom-1.0.jar;E:\maven\repo\de\zeigermann\xml\xml-im-exporter\1.1\xml-im-exporter-1.1.jar;E:\maven\repo\org\apache\maven\maven-profile\2.0.9\maven-profile-2.0.9.jar;E:\maven\repo\org\apache\maven\maven-model\2.0.9\maven-model-2.0.9.jar;E:\maven\repo\org\apache\maven\wagon\wagon-provider-api\1.0-beta-2\wagon-provider-api-1.0-beta-2.jar;E:\maven\repo\org\apache\maven\maven-repository-metadata\2.0.9\maven-repository-metadata-2.0.9.jar;E:\maven\repo\org\apache\maven\maven-error-diagnostics\2.0.9\maven-error-diagnostics-2.0.9.jar;E:\maven\repo\org\apache\maven\maven-project\2.0.9\maven-project-2.0.9.jar;E:\maven\repo\org\apache\maven\maven-plugin-registry\2.0.9\maven-plugin-registry-2.0.9.jar;E:\maven\repo\org\apache\maven\maven-plugin-descriptor\2.0.9\maven-plugin-descriptor-2.0.9.jar;E:\maven\repo\org\apache\maven\maven-artifact-manager\2.0.9\maven-artifact-manager-2.0.9.jar;E:\maven\repo\org\apache\maven\maven-monitor\2.0.9\maven-monitor-2.0.9.jar;E:\maven\repo\org\apache\maven\maven-toolchain\1.0\maven-toolchain-1.0.jar;E:\maven\repo\org\apache\maven\shared\maven-shared-utils\0.1\maven-shared-utils-0.1.jar;E:\maven\repo\org\apache\maven\shared\maven-shared-incremental\1.1\maven-shared-incremental-1.1.jar;E:\maven\repo\org\codehaus\plexus\plexus-component-annotations\1.5.5\plexus-component-annotations-1.5.5.jar;E:\maven\repo\org\codehaus\plexus\plexus-compiler-api\2.2\plexus-compiler-api-2.2.jar;E:\maven\repo\org\codehaus\plexus\plexus-compiler-manager\2.2\plexus-compiler-manager-2.2.jar;E:\maven\repo\org\codehaus\plexus\plexus-compiler-javac\2.2\plexus-compiler-javac-2.2.jar;E:\maven\repo\org\codehaus\plexus\plexus-container-default\1.5.5\plexus-container-default-1.5.5.jar;E:\maven\repo\org\codehaus\plexus\plexus-classworlds\2.2.2\plexus-classworlds-2.2.2.jar;E:\maven\repo\org\apache\xbean\xbean-reflect\3.4\xbean-reflect-3.4.jar;E:\maven\repo\commons-logging\commons-logging-api\1.1\commons-logging-api-1.1.jar;E:\maven\repo\com\google\collections\google-collections\1.0\google-collections-1.0.jar;"/>
    <property name="java.runtime.version" value="1.7.0_80-b15"/>
    <property name="java.vendor" value="Oracle Corporation"/>
    <property name="sun.management.compiler" value="HotSpot 64-Bit Tiered Compilers"/>
    <property name="sun.arch.data.model" value="64"/>
    <property name="os.arch" value="amd64"/>
    <property name="sun.io.unicode.encoding" value="UnicodeLittle"/>
    <property name="java.awt.printerjob" value="sun.awt.windows.WPrinterJob"/>
    <property name="path.separator" value=";"/>
    <property name="java.runtime.name" value="Java(TM) SE Runtime Environment"/>
    <property name="java.vendor.url" value="http://java.oracle.com/"/>
    <property name="sun.boot.class.path" value="E:\IDEA\Java jdk7\jre\lib\resources.jar;E:\IDEA\Java jdk7\jre\lib\rt.jar;E:\IDEA\Java jdk7\jre\lib\sunrsasign.jar;E:\IDEA\Java jdk7\jre\lib\jsse.jar;E:\IDEA\Java jdk7\jre\lib\jce.jar;E:\IDEA\Java jdk7\jre\lib\charsets.jar;E:\IDEA\Java jdk7\jre\lib\jfr.jar;E:\IDEA\Java jdk7\jre\classes"/>
    <property name="surefire.real.class.path" value="C:\Users\151518~1\AppData\Local\Temp\surefire1207255704849338308\surefirebooter8470596292330685725.jar"/>
    <property name="java.endorsed.dirs" value="E:\IDEA\Java jdk7\jre\lib\endorsed"/>
    <property name="sun.desktop" value="windows"/>
    <property name="java.vm.version" value="24.80-b11"/>
    <property name="os.name" value="Windows 8.1"/>
    <property name="java.vm.specification.version" value="1.7"/>
    <property name="sun.cpu.isalist" value="amd64"/>
    <property name="java.version" value="1.7.0_80"/>
    <property name="java.vm.specification.name" value="Java Virtual Machine Specification"/>
    <property name="java.ext.dirs" value="E:\IDEA\Java jdk7\jre\lib\ext;C:\WINDOWS\Sun\Java\lib\ext"/>
    <property name="os.version" value="6.3"/>
    <property name="basedir" value="E:\eclipseApp\spark-study-java"/>
    <property name="java.library.path" value="E:\IDEA\Java jdk7\jre\bin;C:\WINDOWS\Sun\Java\bin;C:\WINDOWS\system32;C:\WINDOWS;E:/IDEA/Java jre8/bin/server;E:/IDEA/Java jre8/bin;E:/IDEA/Java jre8/lib/amd64;C:\Program Files (x86)\Common Files\Oracle\Java\javapath;C:\Program Files (x86)\Intel\iCLS Client\;C:\Program Files\Intel\iCLS Client\;C:\Windows\system32;C:\Windows;C:\Windows\System32\Wbem;C:\Windows\System32\WindowsPowerShell\v1.0\;C:\Program Files (x86)\Intel\Intel(R) Management Engine Components\DAL;C:\Program Files\Intel\Intel(R) Management Engine Components\DAL;C:\Program Files (x86)\Intel\Intel(R) Management Engine Components\IPT;C:\Program Files\Intel\Intel(R) Management Engine Components\IPT;C:\Program Files (x86)\NVIDIA Corporation\PhysX\Common;C:\WINDOWS\system32;C:\WINDOWS;C:\WINDOWS\System32\Wbem;C:\WINDOWS\System32\WindowsPowerShell\v1.0\;C:\Program Files (x86)\Java\jdk1.6.0_02\bin;C:\WINDOWS\System32\OpenSSH\;C:\Program Files\MySQL\MySQL Server 5.5\bin;E:\Git\cmd;E:\Node.js\;&quot;E:\Hadoop\hadoop-2.4.1\bin;E:\Hadoop\hadoop-2.4.1\sbin;E:\Hadoop\hadoop-2.4.1\bin\winntils.exe&quot;;E:\maven\apache-maven-3.5.4\bin;E:\IDEA\Java jdk8\bin;E:\scala\bin;E:\python3.6.3\Scripts\;E:\python3.6.3\;E:\python 3.6.3\Scripts;E:\python 3.6.3\;E:\Tools\WinNT;E:\MSDev98\Bin;E:\Tools;E:\Microsoft Visual Studio\VC98\bin;C:\Users\1515182041\AppData\Local\Microsoft\WindowsApps;C:\Program Files (x86)\Java\jdk1.6.0_02\bin;C:\Users\1515182041\AppData\Local\GitHubDesktop\bin;C:\Users\1515182041\AppData\Roaming\npm;;E:\java-photon\eclipse;;."/>
    <property name="java.awt.graphicsenv" value="sun.awt.Win32GraphicsEnvironment"/>
    <property name="java.vm.name" value="Java HotSpot(TM) 64-Bit Server VM"/>
    <property name="user.country" value="CN"/>
  </properties>
  <testcase name="shouldAnswerWithTrue" classname="cn.spark.study.AppTest" time="0"/>
</testsuite>